  stb_image.cpp
  main.cpp
c:\opengl\opengp\gl\eigen.h(18): warning C4244: 'initializing': conversion from 'double' to 'OpenGP::Scalar', possible loss of data
c:\opengl\opengp\gl\eigen.h(19): warning C4244: 'initializing': conversion from 'double' to 'OpenGP::Scalar', possible loss of data
c:\opengl\opengp\gl\eigen.h(20): warning C4244: '=': conversion from 'double' to 'float', possible loss of data
c:\opengl\opengp\gl\eigen.h(21): warning C4244: '=': conversion from 'double' to 'float', possible loss of data
c:\opengl\opengp\gl\eigen.h(24): warning C4244: '=': conversion from 'double' to 'float', possible loss of data
c:\users\george\documents\uni\csc\305\assn2\triangle\triangle.h(53): warning C4305: 'argument': truncation from 'double' to 'const float'
c:\opengl\opengp\gl\sceneobject.h(24): warning C4305: 'argument': truncation from 'double' to 'const float'
c:\opengl\opengp\gl\glfwfpscounter.h(12): warning C4244: 'initializing': conversion from 'double' to 'float', possible loss of data
c:\opengl\opengp\gl\glfwfpscounter.h(25): warning C4244: 'initializing': conversion from 'double' to 'float', possible loss of data
c:\opengl\opengp\gl\glfwfpscounter.h(30): warning C4244: '=': conversion from 'float' to 'int', possible loss of data
c:\opengl\opengp\eigen\image.h(147): warning C4244: 'argument': conversion from 'double' to 'const float', possible loss of data
c:\opengl\opengp\eigen\image.h(157): warning C4244: 'initializing': conversion from 'float' to 'OpenGP::uchar', possible loss of data
c:\opengl\opengp\eigen\image.h(158): warning C4244: 'initializing': conversion from 'float' to 'OpenGP::uchar', possible loss of data
c:\opengl\opengp\eigen\image.h(159): warning C4244: 'initializing': conversion from 'float' to 'OpenGP::uchar', possible loss of data
c:\users\george\documents\uni\csc\305\assn2\quad\quad.h(118): warning C4244: 'initializing': conversion from 'double' to 'float', possible loss of data
c:\users\george\documents\uni\csc\305\assn2\wings.h(152): warning C4244: 'initializing': conversion from 'double' to 'float', possible loss of data
c:\users\george\documents\uni\csc\305\assn2\main.cpp(63): warning C4244: 'initializing': conversion from 'double' to 'float', possible loss of data
c:\users\george\documents\uni\csc\305\assn2\main.cpp(76): warning C4305: 'argument': truncation from 'double' to 'const float'
c:\users\george\documents\uni\csc\305\assn2\main.cpp(77): warning C4305: 'argument': truncation from 'double' to 'const float'
c:\users\george\documents\uni\csc\305\assn2\main.cpp(87): warning C4244: 'argument': conversion from 'double' to 'const float', possible loss of data
c:\users\george\documents\uni\csc\305\assn2\main.cpp(93): warning C4244: 'argument': conversion from 'double' to 'const float', possible loss of data
  Generating Code...
C:\Program Files (x86)\Microsoft Visual Studio\2017\Community\Common7\IDE\VC\VCTargets\Microsoft.CppBuild.targets(1198,5): warning MSB8012: TargetPath(C:\Users\george\Documents\UNI\CSC\305\assn2\Debug\assn2.exe) does not match the Linker's OutputFile property value (C:\Users\george\Documents\UNI\CSC\305\assn2\assn2.exe). This may cause your project to build incorrectly. To correct this, please make sure that $(OutDir), $(TargetName) and $(TargetExt) property values match the value specified in %(Link.OutputFile).
LINK : warning LNK4098: defaultlib 'MSVCRT' conflicts with use of other libs; use /NODEFAULTLIB:library
  assn2.vcxproj -> C:\Users\george\Documents\UNI\CSC\305\assn2\Debug\assn2.exe
  assn2.vcxproj -> C:\Users\george\Documents\UNI\CSC\305\assn2\Debug\assn2.pdb (Partial PDB)
